<?xml version="1.0" encoding="UTF-8"?>
<!-- Generated by org.testng.reporters.JUnitXMLReporter -->
<testsuite ignored="0" hostname="DESKTOP-PV8OE5S" failures="0" tests="4" name="Default test" time="0.127" errors="0" timestamp="2022-09-15T11:38:28 IST">
  <testcase classname="SampleTest" name="sampleDataTest" time="0.02"/>
  <testcase classname="SampleTest" name="sampleTest" time="0.003"/>
  <testcase classname="ReadDataFromCmdLineTest" name="readData" time="0.001"/>
  <testcase classname="DemoTest" name="demoTest" time="0.004"/>
</testsuite> <!-- Default test -->
