<?xml version="1.0" encoding="UTF-8"?>
<testng-results ignored="0" total="1" passed="1" failed="0" skipped="0">
  <reporter-output>
  </reporter-output>
  <suite started-at="2022-09-10T10:17:51 IST" name="Default suite" finished-at="2022-09-10T10:17:51 IST" duration-ms="122">
    <groups>
    </groups>
    <test started-at="2022-09-10T10:17:51 IST" name="Default test" finished-at="2022-09-10T10:17:51 IST" duration-ms="122">
      <class name="ReadDataFromCmdLineTest">
        <test-method signature="readData()[pri:0, instance:ReadDataFromCmdLineTest@3e2e18f2]" started-at="2022-09-10T10:17:51 IST" name="readData" finished-at="2022-09-10T10:17:51 IST" duration-ms="15" status="PASS">
          <reporter-output>
          </reporter-output>
        </test-method> <!-- readData -->
      </class> <!-- ReadDataFromCmdLineTest -->
    </test> <!-- Default test -->
  </suite> <!-- Default suite -->
</testng-results>
