<?xml version="1.0" encoding="UTF-8"?>
<testng-results ignored="0" total="4" passed="4" failed="0" skipped="0">
  <reporter-output>
  </reporter-output>
  <suite started-at="2022-09-15T11:38:28 IST" name="Default suite" finished-at="2022-09-15T11:38:28 IST" duration-ms="127">
    <groups>
      <group name="smoke">
        <method signature="DemoTest.demoTest()[pri:0, instance:DemoTest@635eaaf1]" name="demoTest" class="DemoTest"/>
      </group> <!-- smoke -->
      <group name="RegionalRegression">
        <method signature="SampleTest.sampleTest()[pri:0, instance:SampleTest@4b0b0854]" name="sampleTest" class="SampleTest"/>
      </group> <!-- RegionalRegression -->
    </groups>
    <test started-at="2022-09-15T11:38:28 IST" name="Default test" finished-at="2022-09-15T11:38:28 IST" duration-ms="127">
      <class name="SampleTest">
        <test-method signature="sampleDataTest()[pri:0, instance:SampleTest@4b0b0854]" started-at="2022-09-15T11:38:28 IST" name="sampleDataTest" finished-at="2022-09-15T11:38:28 IST" duration-ms="20" status="PASS">
          <reporter-output>
          </reporter-output>
        </test-method> <!-- sampleDataTest -->
        <test-method signature="sampleTest()[pri:0, instance:SampleTest@4b0b0854]" started-at="2022-09-15T11:38:28 IST" name="sampleTest" finished-at="2022-09-15T11:38:28 IST" duration-ms="3" status="PASS">
          <reporter-output>
          </reporter-output>
        </test-method> <!-- sampleTest -->
      </class> <!-- SampleTest -->
      <class name="ReadDataFromCmdLineTest">
        <test-method signature="readData()[pri:0, instance:ReadDataFromCmdLineTest@31d7b7bf]" started-at="2022-09-15T11:38:28 IST" name="readData" finished-at="2022-09-15T11:38:28 IST" duration-ms="1" status="PASS">
          <reporter-output>
          </reporter-output>
        </test-method> <!-- readData -->
      </class> <!-- ReadDataFromCmdLineTest -->
      <class name="DemoTest">
        <test-method signature="demoTest()[pri:0, instance:DemoTest@635eaaf1]" started-at="2022-09-15T11:38:28 IST" name="demoTest" finished-at="2022-09-15T11:38:28 IST" duration-ms="4" status="PASS">
          <reporter-output>
          </reporter-output>
        </test-method> <!-- demoTest -->
      </class> <!-- DemoTest -->
    </test> <!-- Default test -->
  </suite> <!-- Default suite -->
</testng-results>
